<?xml version="1.0" encoding="UTF-8"?>
<!-- Generated by org.testng.reporters.JUnitReportReporter -->
<testsuite hostname="DESKTOP-PRQ128L" failures="0" tests="159" name="testsuite.HtmlValidationProdURL" time="739.150" errors="0" timestamp="2021-06-18T10:35:58 IST" skipped="0">
  <testcase classname="testsuite.HtmlValidationProdURL" name="code" time="6.052"/>
  <system-out/>
  <testcase classname="testsuite.HtmlValidationProdURL" name="code" time="3.593"/>
  <system-out/>
  <testcase classname="testsuite.HtmlValidationProdURL" name="code" time="4.718"/>
  <system-out/>
  <testcase classname="testsuite.HtmlValidationProdURL" name="code" time="7.756"/>
  <system-out/>
  <testcase classname="testsuite.HtmlValidationProdURL" name="code" time="4.793"/>
  <system-out/>
  <testcase classname="testsuite.HtmlValidationProdURL" name="code" time="3.951"/>
  <system-out/>
  <testcase classname="testsuite.HtmlValidationProdURL" name="code" time="3.141"/>
  <system-out/>
  <testcase classname="testsuite.HtmlValidationProdURL" name="code" time="3.393"/>
  <system-out/>
  <testcase classname="testsuite.HtmlValidationProdURL" name="code" time="5.433"/>
  <system-out/>
  <testcase classname="testsuite.HtmlValidationProdURL" name="code" time="3.169"/>
  <system-out/>
  <testcase classname="testsuite.HtmlValidationProdURL" name="code" time="4.915"/>
  <system-out/>
  <testcase classname="testsuite.HtmlValidationProdURL" name="code" time="4.303"/>
  <system-out/>
  <testcase classname="testsuite.HtmlValidationProdURL" name="code" time="5.953"/>
  <system-out/>
  <testcase classname="testsuite.HtmlValidationProdURL" name="code" time="6.154"/>
  <system-out/>
  <testcase classname="testsuite.HtmlValidationProdURL" name="code" time="3.626"/>
  <system-out/>
  <testcase classname="testsuite.HtmlValidationProdURL" name="code" time="5.779"/>
  <system-out/>
  <testcase classname="testsuite.HtmlValidationProdURL" name="code" time="3.597"/>
  <system-out/>
  <testcase classname="testsuite.HtmlValidationProdURL" name="code" time="3.447"/>
  <system-out/>
  <testcase classname="testsuite.HtmlValidationProdURL" name="code" time="7.497"/>
  <system-out/>
  <testcase classname="testsuite.HtmlValidationProdURL" name="code" time="4.657"/>
  <system-out/>
  <testcase classname="testsuite.HtmlValidationProdURL" name="code" time="3.665"/>
  <system-out/>
  <testcase classname="testsuite.HtmlValidationProdURL" name="code" time="5.251"/>
  <system-out/>
  <testcase classname="testsuite.HtmlValidationProdURL" name="code" time="3.691"/>
  <system-out/>
  <testcase classname="testsuite.HtmlValidationProdURL" name="code" time="3.921"/>
  <system-out/>
  <testcase classname="testsuite.HtmlValidationProdURL" name="code" time="3.586"/>
  <system-out/>
  <testcase classname="testsuite.HtmlValidationProdURL" name="code" time="3.591"/>
  <system-out/>
  <testcase classname="testsuite.HtmlValidationProdURL" name="code" time="4.023"/>
  <system-out/>
  <testcase classname="testsuite.HtmlValidationProdURL" name="code" time="7.205"/>
  <system-out/>
  <testcase classname="testsuite.HtmlValidationProdURL" name="code" time="3.671"/>
  <system-out/>
  <testcase classname="testsuite.HtmlValidationProdURL" name="code" time="6.637"/>
  <system-out/>
  <testcase classname="testsuite.HtmlValidationProdURL" name="code" time="3.580"/>
  <system-out/>
  <testcase classname="testsuite.HtmlValidationProdURL" name="code" time="3.194"/>
  <system-out/>
  <testcase classname="testsuite.HtmlValidationProdURL" name="code" time="3.706"/>
  <system-out/>
  <testcase classname="testsuite.HtmlValidationProdURL" name="code" time="3.440"/>
  <system-out/>
  <testcase classname="testsuite.HtmlValidationProdURL" name="code" time="3.491"/>
  <system-out/>
  <testcase classname="testsuite.HtmlValidationProdURL" name="code" time="3.220"/>
  <system-out/>
  <testcase classname="testsuite.HtmlValidationProdURL" name="code" time="5.219"/>
  <system-out/>
  <testcase classname="testsuite.HtmlValidationProdURL" name="code" time="3.186"/>
  <system-out/>
  <testcase classname="testsuite.HtmlValidationProdURL" name="code" time="5.238"/>
  <system-out/>
  <testcase classname="testsuite.HtmlValidationProdURL" name="code" time="5.316"/>
  <system-out/>
  <testcase classname="testsuite.HtmlValidationProdURL" name="code" time="4.548"/>
  <system-out/>
  <testcase classname="testsuite.HtmlValidationProdURL" name="code" time="5.625"/>
  <system-out/>
  <testcase classname="testsuite.HtmlValidationProdURL" name="code" time="6.052"/>
  <system-out/>
  <testcase classname="testsuite.HtmlValidationProdURL" name="code" time="3.883"/>
  <system-out/>
  <testcase classname="testsuite.HtmlValidationProdURL" name="code" time="4.700"/>
  <system-out/>
  <testcase classname="testsuite.HtmlValidationProdURL" name="code" time="6.103"/>
  <system-out/>
  <testcase classname="testsuite.HtmlValidationProdURL" name="code" time="4.010"/>
  <system-out/>
  <testcase classname="testsuite.HtmlValidationProdURL" name="code" time="3.865"/>
  <system-out/>
  <testcase classname="testsuite.HtmlValidationProdURL" name="code" time="3.401"/>
  <system-out/>
  <testcase classname="testsuite.HtmlValidationProdURL" name="code" time="7.203"/>
  <system-out/>
  <testcase classname="testsuite.HtmlValidationProdURL" name="code" time="3.609"/>
  <system-out/>
  <testcase classname="testsuite.HtmlValidationProdURL" name="code" time="4.179"/>
  <system-out/>
  <testcase classname="testsuite.HtmlValidationProdURL" name="code" time="3.977"/>
  <system-out/>
  <testcase classname="testsuite.HtmlValidationProdURL" name="code" time="5.268"/>
  <system-out/>
  <testcase classname="testsuite.HtmlValidationProdURL" name="code" time="3.643"/>
  <system-out/>
  <testcase classname="testsuite.HtmlValidationProdURL" name="code" time="3.398"/>
  <system-out/>
  <testcase classname="testsuite.HtmlValidationProdURL" name="code" time="7.823"/>
  <system-out/>
  <testcase classname="testsuite.HtmlValidationProdURL" name="code" time="5.183"/>
  <system-out/>
  <testcase classname="testsuite.HtmlValidationProdURL" name="code" time="4.663"/>
  <system-out/>
  <testcase classname="testsuite.HtmlValidationProdURL" name="code" time="5.185"/>
  <system-out/>
  <testcase classname="testsuite.HtmlValidationProdURL" name="code" time="3.190"/>
  <system-out/>
  <testcase classname="testsuite.HtmlValidationProdURL" name="code" time="8.236"/>
  <system-out/>
  <testcase classname="testsuite.HtmlValidationProdURL" name="code" time="3.147"/>
  <system-out/>
  <testcase classname="testsuite.HtmlValidationProdURL" name="code" time="6.641"/>
  <system-out/>
  <testcase classname="testsuite.HtmlValidationProdURL" name="code" time="4.285"/>
  <system-out/>
  <testcase classname="testsuite.HtmlValidationProdURL" name="code" time="3.312"/>
  <system-out/>
  <testcase classname="testsuite.HtmlValidationProdURL" name="code" time="10.036"/>
  <system-out/>
  <testcase classname="testsuite.HtmlValidationProdURL" name="code" time="14.734"/>
  <system-out/>
  <testcase classname="testsuite.HtmlValidationProdURL" name="code" time="5.787"/>
  <system-out/>
  <testcase classname="testsuite.HtmlValidationProdURL" name="code" time="3.634"/>
  <system-out/>
  <testcase classname="testsuite.HtmlValidationProdURL" name="code" time="3.128"/>
  <system-out/>
  <testcase classname="testsuite.HtmlValidationProdURL" name="code" time="4.712"/>
  <system-out/>
  <testcase classname="testsuite.HtmlValidationProdURL" name="code" time="4.695"/>
  <system-out/>
  <testcase classname="testsuite.HtmlValidationProdURL" name="code" time="3.208"/>
  <system-out/>
  <testcase classname="testsuite.HtmlValidationProdURL" name="code" time="5.912"/>
  <system-out/>
  <testcase classname="testsuite.HtmlValidationProdURL" name="code" time="5.348"/>
  <system-out/>
  <testcase classname="testsuite.HtmlValidationProdURL" name="code" time="3.865"/>
  <system-out/>
  <testcase classname="testsuite.HtmlValidationProdURL" name="code" time="5.439"/>
  <system-out/>
  <testcase classname="testsuite.HtmlValidationProdURL" name="code" time="4.690"/>
  <system-out/>
  <testcase classname="testsuite.HtmlValidationProdURL" name="code" time="3.144"/>
  <system-out/>
  <testcase classname="testsuite.HtmlValidationProdURL" name="code" time="4.227"/>
  <system-out/>
  <testcase classname="testsuite.HtmlValidationProdURL" name="code" time="3.155"/>
  <system-out/>
  <testcase classname="testsuite.HtmlValidationProdURL" name="code" time="5.980"/>
  <system-out/>
  <testcase classname="testsuite.HtmlValidationProdURL" name="code" time="3.366"/>
  <system-out/>
  <testcase classname="testsuite.HtmlValidationProdURL" name="code" time="7.778"/>
  <system-out/>
  <testcase classname="testsuite.HtmlValidationProdURL" name="code" time="4.822"/>
  <system-out/>
  <testcase classname="testsuite.HtmlValidationProdURL" name="code" time="3.713"/>
  <system-out/>
  <testcase classname="testsuite.HtmlValidationProdURL" name="code" time="3.778"/>
  <system-out/>
  <testcase classname="testsuite.HtmlValidationProdURL" name="code" time="3.491"/>
  <system-out/>
  <testcase classname="testsuite.HtmlValidationProdURL" name="code" time="5.938"/>
  <system-out/>
  <testcase classname="testsuite.HtmlValidationProdURL" name="code" time="3.467"/>
  <system-out/>
  <testcase classname="testsuite.HtmlValidationProdURL" name="code" time="3.703"/>
  <system-out/>
  <testcase classname="testsuite.HtmlValidationProdURL" name="code" time="3.942"/>
  <system-out/>
  <testcase classname="testsuite.HtmlValidationProdURL" name="code" time="3.287"/>
  <system-out/>
  <testcase classname="testsuite.HtmlValidationProdURL" name="code" time="3.593"/>
  <system-out/>
  <testcase classname="testsuite.HtmlValidationProdURL" name="code" time="6.729"/>
  <system-out/>
  <testcase classname="testsuite.HtmlValidationProdURL" name="code" time="3.629"/>
  <system-out/>
  <testcase classname="testsuite.HtmlValidationProdURL" name="code" time="3.591"/>
  <system-out/>
  <testcase classname="testsuite.HtmlValidationProdURL" name="code" time="5.856"/>
  <system-out/>
  <testcase classname="testsuite.HtmlValidationProdURL" name="code" time="4.002"/>
  <system-out/>
  <testcase classname="testsuite.HtmlValidationProdURL" name="code" time="3.382"/>
  <system-out/>
  <testcase classname="testsuite.HtmlValidationProdURL" name="code" time="10.252"/>
  <system-out/>
  <testcase classname="testsuite.HtmlValidationProdURL" name="code" time="3.280"/>
  <system-out/>
  <testcase classname="testsuite.HtmlValidationProdURL" name="code" time="4.482"/>
  <system-out/>
  <testcase classname="testsuite.HtmlValidationProdURL" name="code" time="4.978"/>
  <system-out/>
  <testcase classname="testsuite.HtmlValidationProdURL" name="code" time="3.660"/>
  <system-out/>
  <testcase classname="testsuite.HtmlValidationProdURL" name="code" time="8.457"/>
  <system-out/>
  <testcase classname="testsuite.HtmlValidationProdURL" name="code" time="7.379"/>
  <system-out/>
  <testcase classname="testsuite.HtmlValidationProdURL" name="code" time="5.729"/>
  <system-out/>
  <testcase classname="testsuite.HtmlValidationProdURL" name="code" time="4.433"/>
  <system-out/>
  <testcase classname="testsuite.HtmlValidationProdURL" name="code" time="3.476"/>
  <system-out/>
  <testcase classname="testsuite.HtmlValidationProdURL" name="code" time="5.952"/>
  <system-out/>
  <testcase classname="testsuite.HtmlValidationProdURL" name="code" time="3.569"/>
  <system-out/>
  <testcase classname="testsuite.HtmlValidationProdURL" name="code" time="3.150"/>
  <system-out/>
  <testcase classname="testsuite.HtmlValidationProdURL" name="code" time="3.447"/>
  <system-out/>
  <testcase classname="testsuite.HtmlValidationProdURL" name="code" time="6.295"/>
  <system-out/>
  <testcase classname="testsuite.HtmlValidationProdURL" name="code" time="3.327"/>
  <system-out/>
  <testcase classname="testsuite.HtmlValidationProdURL" name="code" time="4.315"/>
  <system-out/>
  <testcase classname="testsuite.HtmlValidationProdURL" name="code" time="2.936"/>
  <system-out/>
  <testcase classname="testsuite.HtmlValidationProdURL" name="code" time="4.818"/>
  <system-out/>
  <testcase classname="testsuite.HtmlValidationProdURL" name="code" time="3.882"/>
  <system-out/>
  <testcase classname="testsuite.HtmlValidationProdURL" name="code" time="3.312"/>
  <system-out/>
  <testcase classname="testsuite.HtmlValidationProdURL" name="code" time="3.406"/>
  <system-out/>
  <testcase classname="testsuite.HtmlValidationProdURL" name="code" time="3.896"/>
  <system-out/>
  <testcase classname="testsuite.HtmlValidationProdURL" name="code" time="8.168"/>
  <system-out/>
  <testcase classname="testsuite.HtmlValidationProdURL" name="code" time="3.400"/>
  <system-out/>
  <testcase classname="testsuite.HtmlValidationProdURL" name="code" time="4.449"/>
  <system-out/>
  <testcase classname="testsuite.HtmlValidationProdURL" name="code" time="5.131"/>
  <system-out/>
  <testcase classname="testsuite.HtmlValidationProdURL" name="code" time="3.715"/>
  <system-out/>
  <testcase classname="testsuite.HtmlValidationProdURL" name="code" time="3.703"/>
  <system-out/>
  <testcase classname="testsuite.HtmlValidationProdURL" name="code" time="6.658"/>
  <system-out/>
  <testcase classname="testsuite.HtmlValidationProdURL" name="code" time="3.503"/>
  <system-out/>
  <testcase classname="testsuite.HtmlValidationProdURL" name="code" time="5.653"/>
  <system-out/>
  <testcase classname="testsuite.HtmlValidationProdURL" name="code" time="3.648"/>
  <system-out/>
  <testcase classname="testsuite.HtmlValidationProdURL" name="code" time="4.921"/>
  <system-out/>
  <testcase classname="testsuite.HtmlValidationProdURL" name="code" time="3.471"/>
  <system-out/>
  <testcase classname="testsuite.HtmlValidationProdURL" name="code" time="4.177"/>
  <system-out/>
  <testcase classname="testsuite.HtmlValidationProdURL" name="code" time="3.647"/>
  <system-out/>
  <testcase classname="testsuite.HtmlValidationProdURL" name="code" time="8.076"/>
  <system-out/>
  <testcase classname="testsuite.HtmlValidationProdURL" name="code" time="6.057"/>
  <system-out/>
  <testcase classname="testsuite.HtmlValidationProdURL" name="code" time="3.445"/>
  <system-out/>
  <testcase classname="testsuite.HtmlValidationProdURL" name="code" time="3.450"/>
  <system-out/>
  <testcase classname="testsuite.HtmlValidationProdURL" name="code" time="3.938"/>
  <system-out/>
  <testcase classname="testsuite.HtmlValidationProdURL" name="code" time="3.341"/>
  <system-out/>
  <testcase classname="testsuite.HtmlValidationProdURL" name="code" time="3.471"/>
  <system-out/>
  <testcase classname="testsuite.HtmlValidationProdURL" name="code" time="3.568"/>
  <system-out/>
  <testcase classname="testsuite.HtmlValidationProdURL" name="code" time="3.320"/>
  <system-out/>
  <testcase classname="testsuite.HtmlValidationProdURL" name="code" time="3.812"/>
  <system-out/>
  <testcase classname="testsuite.HtmlValidationProdURL" name="code" time="4.968"/>
  <system-out/>
  <testcase classname="testsuite.HtmlValidationProdURL" name="code" time="4.733"/>
  <system-out/>
  <testcase classname="testsuite.HtmlValidationProdURL" name="code" time="6.086"/>
  <system-out/>
  <testcase classname="testsuite.HtmlValidationProdURL" name="code" time="5.466"/>
  <system-out/>
  <testcase classname="testsuite.HtmlValidationProdURL" name="code" time="3.503"/>
  <system-out/>
  <testcase classname="testsuite.HtmlValidationProdURL" name="code" time="5.782"/>
  <system-out/>
  <testcase classname="testsuite.HtmlValidationProdURL" name="code" time="3.888"/>
  <system-out/>
  <testcase classname="testsuite.HtmlValidationProdURL" name="code" time="3.940"/>
  <system-out/>
  <testcase classname="testsuite.HtmlValidationProdURL" name="code" time="3.110"/>
  <system-out/>
  <testcase classname="testsuite.HtmlValidationProdURL" name="code" time="3.206"/>
  <system-out/>
  <testcase classname="testsuite.HtmlValidationProdURL" name="code" time="3.667"/>
  <system-out/>
</testsuite> <!-- testsuite.HtmlValidationProdURL -->
