<?xml version="1.0" encoding="UTF-8"?>
<!-- Generated by org.testng.reporters.JUnitReportReporter -->
<testsuite hostname="DESKTOP-PRQ128L" failures="0" tests="160" name="testsuite.HtmlValidationProdURL" time="0.075" errors="1" timestamp="2021-06-21T11:22:42 IST" skipped="159">
  <testcase classname="testsuite.HtmlValidationProdURL" name="code" time="0.000">
    <skipped/>
  </testcase> <!-- code -->
  <system-out/>
  <testcase classname="testsuite.HtmlValidationProdURL" name="code" time="0.000">
    <skipped/>
  </testcase> <!-- code -->
  <system-out/>
  <testcase classname="testsuite.HtmlValidationProdURL" name="code" time="0.000">
    <skipped/>
  </testcase> <!-- code -->
  <system-out/>
  <testcase classname="testsuite.HtmlValidationProdURL" name="code" time="0.000">
    <skipped/>
  </testcase> <!-- code -->
  <system-out/>
  <testcase classname="testsuite.HtmlValidationProdURL" name="code" time="0.000">
    <skipped/>
  </testcase> <!-- code -->
  <system-out/>
  <testcase classname="testsuite.HtmlValidationProdURL" name="code" time="0.000">
    <skipped/>
  </testcase> <!-- code -->
  <system-out/>
  <testcase classname="testsuite.HtmlValidationProdURL" name="code" time="0.000">
    <skipped/>
  </testcase> <!-- code -->
  <system-out/>
  <testcase classname="testsuite.HtmlValidationProdURL" name="code" time="0.000">
    <skipped/>
  </testcase> <!-- code -->
  <system-out/>
  <testcase classname="testsuite.HtmlValidationProdURL" name="code" time="0.000">
    <skipped/>
  </testcase> <!-- code -->
  <system-out/>
  <testcase classname="testsuite.HtmlValidationProdURL" name="code" time="0.000">
    <skipped/>
  </testcase> <!-- code -->
  <system-out/>
  <testcase classname="testsuite.HtmlValidationProdURL" name="code" time="0.000">
    <skipped/>
  </testcase> <!-- code -->
  <system-out/>
  <testcase classname="testsuite.HtmlValidationProdURL" name="code" time="0.000">
    <skipped/>
  </testcase> <!-- code -->
  <system-out/>
  <testcase classname="testsuite.HtmlValidationProdURL" name="code" time="0.000">
    <skipped/>
  </testcase> <!-- code -->
  <system-out/>
  <testcase classname="testsuite.HtmlValidationProdURL" name="code" time="0.000">
    <skipped/>
  </testcase> <!-- code -->
  <system-out/>
  <testcase classname="testsuite.HtmlValidationProdURL" name="code" time="0.000">
    <skipped/>
  </testcase> <!-- code -->
  <system-out/>
  <testcase classname="testsuite.HtmlValidationProdURL" name="code" time="0.000">
    <skipped/>
  </testcase> <!-- code -->
  <system-out/>
  <testcase classname="testsuite.HtmlValidationProdURL" name="code" time="0.000">
    <skipped/>
  </testcase> <!-- code -->
  <system-out/>
  <testcase classname="testsuite.HtmlValidationProdURL" name="code" time="0.000">
    <skipped/>
  </testcase> <!-- code -->
  <system-out/>
  <testcase classname="testsuite.HtmlValidationProdURL" name="code" time="0.000">
    <skipped/>
  </testcase> <!-- code -->
  <system-out/>
  <testcase classname="testsuite.HtmlValidationProdURL" name="code" time="0.000">
    <skipped/>
  </testcase> <!-- code -->
  <system-out/>
  <testcase classname="testsuite.HtmlValidationProdURL" name="code" time="0.000">
    <skipped/>
  </testcase> <!-- code -->
  <system-out/>
  <testcase classname="testsuite.HtmlValidationProdURL" name="code" time="0.000">
    <skipped/>
  </testcase> <!-- code -->
  <system-out/>
  <testcase classname="testsuite.HtmlValidationProdURL" name="code" time="0.000">
    <skipped/>
  </testcase> <!-- code -->
  <system-out/>
  <testcase classname="testsuite.HtmlValidationProdURL" name="code" time="0.000">
    <skipped/>
  </testcase> <!-- code -->
  <system-out/>
  <testcase classname="testsuite.HtmlValidationProdURL" name="code" time="0.000">
    <skipped/>
  </testcase> <!-- code -->
  <system-out/>
  <testcase classname="testsuite.HtmlValidationProdURL" name="code" time="0.000">
    <skipped/>
  </testcase> <!-- code -->
  <system-out/>
  <testcase classname="testsuite.HtmlValidationProdURL" name="code" time="0.000">
    <skipped/>
  </testcase> <!-- code -->
  <system-out/>
  <testcase classname="testsuite.HtmlValidationProdURL" name="code" time="0.000">
    <skipped/>
  </testcase> <!-- code -->
  <system-out/>
  <testcase classname="testsuite.HtmlValidationProdURL" name="code" time="0.000">
    <skipped/>
  </testcase> <!-- code -->
  <system-out/>
  <testcase classname="testsuite.HtmlValidationProdURL" name="code" time="0.000">
    <skipped/>
  </testcase> <!-- code -->
  <system-out/>
  <testcase classname="testsuite.HtmlValidationProdURL" name="code" time="0.000">
    <skipped/>
  </testcase> <!-- code -->
  <system-out/>
  <testcase classname="testsuite.HtmlValidationProdURL" name="code" time="0.000">
    <skipped/>
  </testcase> <!-- code -->
  <system-out/>
  <testcase classname="testsuite.HtmlValidationProdURL" name="code" time="0.000">
    <skipped/>
  </testcase> <!-- code -->
  <system-out/>
  <testcase classname="testsuite.HtmlValidationProdURL" name="code" time="0.000">
    <skipped/>
  </testcase> <!-- code -->
  <system-out/>
  <testcase classname="testsuite.HtmlValidationProdURL" name="code" time="0.000">
    <skipped/>
  </testcase> <!-- code -->
  <system-out/>
  <testcase classname="testsuite.HtmlValidationProdURL" name="code" time="0.000">
    <skipped/>
  </testcase> <!-- code -->
  <system-out/>
  <testcase classname="testsuite.HtmlValidationProdURL" name="code" time="0.000">
    <skipped/>
  </testcase> <!-- code -->
  <system-out/>
  <testcase classname="testsuite.HtmlValidationProdURL" name="code" time="0.000">
    <skipped/>
  </testcase> <!-- code -->
  <system-out/>
  <testcase classname="testsuite.HtmlValidationProdURL" name="code" time="0.000">
    <skipped/>
  </testcase> <!-- code -->
  <system-out/>
  <testcase classname="testsuite.HtmlValidationProdURL" name="code" time="0.000">
    <skipped/>
  </testcase> <!-- code -->
  <system-out/>
  <testcase classname="testsuite.HtmlValidationProdURL" name="code" time="0.000">
    <skipped/>
  </testcase> <!-- code -->
  <system-out/>
  <testcase classname="testsuite.HtmlValidationProdURL" name="code" time="0.000">
    <skipped/>
  </testcase> <!-- code -->
  <system-out/>
  <testcase classname="testsuite.HtmlValidationProdURL" name="code" time="0.000">
    <skipped/>
  </testcase> <!-- code -->
  <system-out/>
  <testcase classname="testsuite.HtmlValidationProdURL" name="code" time="0.000">
    <skipped/>
  </testcase> <!-- code -->
  <system-out/>
  <testcase classname="testsuite.HtmlValidationProdURL" name="code" time="0.000">
    <skipped/>
  </testcase> <!-- code -->
  <system-out/>
  <testcase classname="testsuite.HtmlValidationProdURL" name="code" time="0.000">
    <skipped/>
  </testcase> <!-- code -->
  <system-out/>
  <testcase classname="testsuite.HtmlValidationProdURL" name="code" time="0.000">
    <skipped/>
  </testcase> <!-- code -->
  <system-out/>
  <testcase classname="testsuite.HtmlValidationProdURL" name="code" time="0.000">
    <skipped/>
  </testcase> <!-- code -->
  <system-out/>
  <testcase classname="testsuite.HtmlValidationProdURL" name="code" time="0.000">
    <skipped/>
  </testcase> <!-- code -->
  <system-out/>
  <testcase classname="testsuite.HtmlValidationProdURL" name="code" time="0.000">
    <skipped/>
  </testcase> <!-- code -->
  <system-out/>
  <testcase classname="testsuite.HtmlValidationProdURL" name="code" time="0.000">
    <skipped/>
  </testcase> <!-- code -->
  <system-out/>
  <testcase classname="testsuite.HtmlValidationProdURL" name="code" time="0.000">
    <skipped/>
  </testcase> <!-- code -->
  <system-out/>
  <testcase classname="testsuite.HtmlValidationProdURL" name="code" time="0.000">
    <skipped/>
  </testcase> <!-- code -->
  <system-out/>
  <testcase classname="testsuite.HtmlValidationProdURL" name="code" time="0.000">
    <skipped/>
  </testcase> <!-- code -->
  <system-out/>
  <testcase classname="testsuite.HtmlValidationProdURL" name="code" time="0.000">
    <skipped/>
  </testcase> <!-- code -->
  <system-out/>
  <testcase classname="testsuite.HtmlValidationProdURL" name="code" time="0.000">
    <skipped/>
  </testcase> <!-- code -->
  <system-out/>
  <testcase classname="testsuite.HtmlValidationProdURL" name="code" time="0.000">
    <skipped/>
  </testcase> <!-- code -->
  <system-out/>
  <testcase classname="testsuite.HtmlValidationProdURL" name="code" time="0.000">
    <skipped/>
  </testcase> <!-- code -->
  <system-out/>
  <testcase classname="testsuite.HtmlValidationProdURL" name="code" time="0.000">
    <skipped/>
  </testcase> <!-- code -->
  <system-out/>
  <testcase classname="testsuite.HtmlValidationProdURL" name="code" time="0.000">
    <skipped/>
  </testcase> <!-- code -->
  <system-out/>
  <testcase classname="testsuite.HtmlValidationProdURL" name="code" time="0.000">
    <skipped/>
  </testcase> <!-- code -->
  <system-out/>
  <testcase classname="testsuite.HtmlValidationProdURL" name="code" time="0.000">
    <skipped/>
  </testcase> <!-- code -->
  <system-out/>
  <testcase classname="testsuite.HtmlValidationProdURL" name="code" time="0.000">
    <skipped/>
  </testcase> <!-- code -->
  <system-out/>
  <testcase classname="testsuite.HtmlValidationProdURL" name="code" time="0.000">
    <skipped/>
  </testcase> <!-- code -->
  <system-out/>
  <testcase classname="testsuite.HtmlValidationProdURL" name="code" time="0.000">
    <skipped/>
  </testcase> <!-- code -->
  <system-out/>
  <testcase classname="testsuite.HtmlValidationProdURL" name="code" time="0.000">
    <skipped/>
  </testcase> <!-- code -->
  <system-out/>
  <testcase classname="testsuite.HtmlValidationProdURL" name="code" time="0.000">
    <skipped/>
  </testcase> <!-- code -->
  <system-out/>
  <testcase classname="testsuite.HtmlValidationProdURL" name="code" time="0.000">
    <skipped/>
  </testcase> <!-- code -->
  <system-out/>
  <testcase classname="testsuite.HtmlValidationProdURL" name="code" time="0.000">
    <skipped/>
  </testcase> <!-- code -->
  <system-out/>
  <testcase classname="testsuite.HtmlValidationProdURL" name="code" time="0.000">
    <skipped/>
  </testcase> <!-- code -->
  <system-out/>
  <testcase classname="testsuite.HtmlValidationProdURL" name="code" time="0.000">
    <skipped/>
  </testcase> <!-- code -->
  <system-out/>
  <testcase classname="testsuite.HtmlValidationProdURL" name="code" time="0.000">
    <skipped/>
  </testcase> <!-- code -->
  <system-out/>
  <testcase classname="testsuite.HtmlValidationProdURL" name="code" time="0.000">
    <skipped/>
  </testcase> <!-- code -->
  <system-out/>
  <testcase classname="testsuite.HtmlValidationProdURL" name="code" time="0.000">
    <skipped/>
  </testcase> <!-- code -->
  <system-out/>
  <testcase classname="testsuite.HtmlValidationProdURL" name="code" time="0.000">
    <skipped/>
  </testcase> <!-- code -->
  <system-out/>
  <testcase classname="testsuite.HtmlValidationProdURL" name="code" time="0.000">
    <skipped/>
  </testcase> <!-- code -->
  <system-out/>
  <testcase classname="testsuite.HtmlValidationProdURL" name="code" time="0.000">
    <skipped/>
  </testcase> <!-- code -->
  <system-out/>
  <testcase classname="testsuite.HtmlValidationProdURL" name="code" time="0.000">
    <skipped/>
  </testcase> <!-- code -->
  <system-out/>
  <testcase classname="testsuite.HtmlValidationProdURL" name="code" time="0.000">
    <skipped/>
  </testcase> <!-- code -->
  <system-out/>
  <testcase classname="testsuite.HtmlValidationProdURL" name="code" time="0.000">
    <skipped/>
  </testcase> <!-- code -->
  <system-out/>
  <testcase classname="testsuite.HtmlValidationProdURL" name="code" time="0.000">
    <skipped/>
  </testcase> <!-- code -->
  <system-out/>
  <testcase classname="testsuite.HtmlValidationProdURL" name="code" time="0.000">
    <skipped/>
  </testcase> <!-- code -->
  <system-out/>
  <testcase classname="testsuite.HtmlValidationProdURL" name="code" time="0.000">
    <skipped/>
  </testcase> <!-- code -->
  <system-out/>
  <testcase classname="testsuite.HtmlValidationProdURL" name="code" time="0.000">
    <skipped/>
  </testcase> <!-- code -->
  <system-out/>
  <testcase classname="testsuite.HtmlValidationProdURL" name="code" time="0.000">
    <skipped/>
  </testcase> <!-- code -->
  <system-out/>
  <testcase classname="testsuite.HtmlValidationProdURL" name="code" time="0.000">
    <skipped/>
  </testcase> <!-- code -->
  <system-out/>
  <testcase classname="testsuite.HtmlValidationProdURL" name="code" time="0.000">
    <skipped/>
  </testcase> <!-- code -->
  <system-out/>
  <testcase classname="testsuite.HtmlValidationProdURL" name="code" time="0.000">
    <skipped/>
  </testcase> <!-- code -->
  <system-out/>
  <testcase classname="testsuite.HtmlValidationProdURL" name="code" time="0.000">
    <skipped/>
  </testcase> <!-- code -->
  <system-out/>
  <testcase classname="testsuite.HtmlValidationProdURL" name="setup" time="0.075">
    <error message="The driver executable does not exist: D:\Eclipse new Workspace\CarAndBikeProdchromedriver.exe" type="java.lang.IllegalStateException">
      <![CDATA[java.lang.IllegalStateException: The driver executable does not exist: D:\Eclipse new Workspace\CarAndBikeProdchromedriver.exe
at com.google.common.base.Preconditions.checkState(Preconditions.java:585)
at org.openqa.selenium.remote.service.DriverService.checkExecutable(DriverService.java:137)
at org.openqa.selenium.remote.service.DriverService.findExecutable(DriverService.java:132)
at org.openqa.selenium.chrome.ChromeDriverService.access$000(ChromeDriverService.java:35)
at org.openqa.selenium.chrome.ChromeDriverService$Builder.findDefaultExecutable(ChromeDriverService.java:156)
at org.openqa.selenium.remote.service.DriverService$Builder.build(DriverService.java:346)
at org.openqa.selenium.chrome.ChromeDriverService.createDefaultService(ChromeDriverService.java:91)
at org.openqa.selenium.chrome.ChromeDriver.<init>(ChromeDriver.java:123)
at utility.utils.Launchbrowser(utils.java:25)
at testsuite.HtmlValidationProdURL.setup(HtmlValidationProdURL.java:23)
at java.base/jdk.internal.reflect.NativeMethodAccessorImpl.invoke0(Native Method)
at java.base/jdk.internal.reflect.NativeMethodAccessorImpl.invoke(NativeMethodAccessorImpl.java:62)
at java.base/jdk.internal.reflect.DelegatingMethodAccessorImpl.invoke(DelegatingMethodAccessorImpl.java:43)
at java.base/java.lang.reflect.Method.invoke(Method.java:567)
at org.testng.internal.MethodInvocationHelper.invokeMethod(MethodInvocationHelper.java:132)
at org.testng.internal.MethodInvocationHelper.invokeMethodConsideringTimeout(MethodInvocationHelper.java:61)
at org.testng.internal.ConfigInvoker.invokeConfigurationMethod(ConfigInvoker.java:366)
at org.testng.internal.ConfigInvoker.invokeConfigurations(ConfigInvoker.java:320)
at org.testng.TestRunner.invokeTestConfigurations(TestRunner.java:617)
at org.testng.TestRunner.beforeRun(TestRunner.java:607)
at org.testng.TestRunner.run(TestRunner.java:578)
at org.testng.SuiteRunner.runTest(SuiteRunner.java:384)
at org.testng.SuiteRunner.runSequentially(SuiteRunner.java:378)
at org.testng.SuiteRunner.privateRun(SuiteRunner.java:337)
at org.testng.SuiteRunner.run(SuiteRunner.java:286)
at org.testng.SuiteRunnerWorker.runSuite(SuiteRunnerWorker.java:53)
at org.testng.SuiteRunnerWorker.run(SuiteRunnerWorker.java:96)
at org.testng.TestNG.runSuitesSequentially(TestNG.java:1218)
at org.testng.TestNG.runSuitesLocally(TestNG.java:1140)
at org.testng.TestNG.runSuites(TestNG.java:1069)
at org.testng.TestNG.run(TestNG.java:1037)
at org.testng.remote.AbstractRemoteTestNG.run(AbstractRemoteTestNG.java:115)
at org.testng.remote.RemoteTestNG.initAndRun(RemoteTestNG.java:251)
at org.testng.remote.RemoteTestNG.main(RemoteTestNG.java:77)
]]>
    </error>
  </testcase> <!-- setup -->
  <system-out/>
  <testcase classname="testsuite.HtmlValidationProdURL" name="code" time="0.000">
    <skipped/>
  </testcase> <!-- code -->
  <system-out/>
  <testcase classname="testsuite.HtmlValidationProdURL" name="code" time="0.000">
    <skipped/>
  </testcase> <!-- code -->
  <system-out/>
  <testcase classname="testsuite.HtmlValidationProdURL" name="code" time="0.000">
    <skipped/>
  </testcase> <!-- code -->
  <system-out/>
  <testcase classname="testsuite.HtmlValidationProdURL" name="code" time="0.000">
    <skipped/>
  </testcase> <!-- code -->
  <system-out/>
  <testcase classname="testsuite.HtmlValidationProdURL" name="code" time="0.000">
    <skipped/>
  </testcase> <!-- code -->
  <system-out/>
  <testcase classname="testsuite.HtmlValidationProdURL" name="code" time="0.000">
    <skipped/>
  </testcase> <!-- code -->
  <system-out/>
  <testcase classname="testsuite.HtmlValidationProdURL" name="code" time="0.000">
    <skipped/>
  </testcase> <!-- code -->
  <system-out/>
  <testcase classname="testsuite.HtmlValidationProdURL" name="code" time="0.000">
    <skipped/>
  </testcase> <!-- code -->
  <system-out/>
  <testcase classname="testsuite.HtmlValidationProdURL" name="code" time="0.000">
    <skipped/>
  </testcase> <!-- code -->
  <system-out/>
  <testcase classname="testsuite.HtmlValidationProdURL" name="code" time="0.000">
    <skipped/>
  </testcase> <!-- code -->
  <system-out/>
  <testcase classname="testsuite.HtmlValidationProdURL" name="code" time="0.000">
    <skipped/>
  </testcase> <!-- code -->
  <system-out/>
  <testcase classname="testsuite.HtmlValidationProdURL" name="code" time="0.000">
    <skipped/>
  </testcase> <!-- code -->
  <system-out/>
  <testcase classname="testsuite.HtmlValidationProdURL" name="code" time="0.000">
    <skipped/>
  </testcase> <!-- code -->
  <system-out/>
  <testcase classname="testsuite.HtmlValidationProdURL" name="code" time="0.000">
    <skipped/>
  </testcase> <!-- code -->
  <system-out/>
  <testcase classname="testsuite.HtmlValidationProdURL" name="code" time="0.000">
    <skipped/>
  </testcase> <!-- code -->
  <system-out/>
  <testcase classname="testsuite.HtmlValidationProdURL" name="code" time="0.000">
    <skipped/>
  </testcase> <!-- code -->
  <system-out/>
  <testcase classname="testsuite.HtmlValidationProdURL" name="code" time="0.000">
    <skipped/>
  </testcase> <!-- code -->
  <system-out/>
  <testcase classname="testsuite.HtmlValidationProdURL" name="code" time="0.000">
    <skipped/>
  </testcase> <!-- code -->
  <system-out/>
  <testcase classname="testsuite.HtmlValidationProdURL" name="code" time="0.000">
    <skipped/>
  </testcase> <!-- code -->
  <system-out/>
  <testcase classname="testsuite.HtmlValidationProdURL" name="code" time="0.000">
    <skipped/>
  </testcase> <!-- code -->
  <system-out/>
  <testcase classname="testsuite.HtmlValidationProdURL" name="code" time="0.000">
    <skipped/>
  </testcase> <!-- code -->
  <system-out/>
  <testcase classname="testsuite.HtmlValidationProdURL" name="code" time="0.000">
    <skipped/>
  </testcase> <!-- code -->
  <system-out/>
  <testcase classname="testsuite.HtmlValidationProdURL" name="code" time="0.000">
    <skipped/>
  </testcase> <!-- code -->
  <system-out/>
  <testcase classname="testsuite.HtmlValidationProdURL" name="code" time="0.000">
    <skipped/>
  </testcase> <!-- code -->
  <system-out/>
  <testcase classname="testsuite.HtmlValidationProdURL" name="code" time="0.000">
    <skipped/>
  </testcase> <!-- code -->
  <system-out/>
  <testcase classname="testsuite.HtmlValidationProdURL" name="code" time="0.000">
    <skipped/>
  </testcase> <!-- code -->
  <system-out/>
  <testcase classname="testsuite.HtmlValidationProdURL" name="code" time="0.000">
    <skipped/>
  </testcase> <!-- code -->
  <system-out/>
  <testcase classname="testsuite.HtmlValidationProdURL" name="code" time="0.000">
    <skipped/>
  </testcase> <!-- code -->
  <system-out/>
  <testcase classname="testsuite.HtmlValidationProdURL" name="code" time="0.000">
    <skipped/>
  </testcase> <!-- code -->
  <system-out/>
  <testcase classname="testsuite.HtmlValidationProdURL" name="code" time="0.000">
    <skipped/>
  </testcase> <!-- code -->
  <system-out/>
  <testcase classname="testsuite.HtmlValidationProdURL" name="code" time="0.000">
    <skipped/>
  </testcase> <!-- code -->
  <system-out/>
  <testcase classname="testsuite.HtmlValidationProdURL" name="code" time="0.000">
    <skipped/>
  </testcase> <!-- code -->
  <system-out/>
  <testcase classname="testsuite.HtmlValidationProdURL" name="code" time="0.000">
    <skipped/>
  </testcase> <!-- code -->
  <system-out/>
  <testcase classname="testsuite.HtmlValidationProdURL" name="code" time="0.000">
    <skipped/>
  </testcase> <!-- code -->
  <system-out/>
  <testcase classname="testsuite.HtmlValidationProdURL" name="code" time="0.000">
    <skipped/>
  </testcase> <!-- code -->
  <system-out/>
  <testcase classname="testsuite.HtmlValidationProdURL" name="code" time="0.000">
    <skipped/>
  </testcase> <!-- code -->
  <system-out/>
  <testcase classname="testsuite.HtmlValidationProdURL" name="code" time="0.000">
    <skipped/>
  </testcase> <!-- code -->
  <system-out/>
  <testcase classname="testsuite.HtmlValidationProdURL" name="code" time="0.000">
    <skipped/>
  </testcase> <!-- code -->
  <system-out/>
  <testcase classname="testsuite.HtmlValidationProdURL" name="code" time="0.000">
    <skipped/>
  </testcase> <!-- code -->
  <system-out/>
  <testcase classname="testsuite.HtmlValidationProdURL" name="code" time="0.000">
    <skipped/>
  </testcase> <!-- code -->
  <system-out/>
  <testcase classname="testsuite.HtmlValidationProdURL" name="code" time="0.000">
    <skipped/>
  </testcase> <!-- code -->
  <system-out/>
  <testcase classname="testsuite.HtmlValidationProdURL" name="code" time="0.000">
    <skipped/>
  </testcase> <!-- code -->
  <system-out/>
  <testcase classname="testsuite.HtmlValidationProdURL" name="code" time="0.000">
    <skipped/>
  </testcase> <!-- code -->
  <system-out/>
  <testcase classname="testsuite.HtmlValidationProdURL" name="code" time="0.000">
    <skipped/>
  </testcase> <!-- code -->
  <system-out/>
  <testcase classname="testsuite.HtmlValidationProdURL" name="code" time="0.000">
    <skipped/>
  </testcase> <!-- code -->
  <system-out/>
  <testcase classname="testsuite.HtmlValidationProdURL" name="code" time="0.000">
    <skipped/>
  </testcase> <!-- code -->
  <system-out/>
  <testcase classname="testsuite.HtmlValidationProdURL" name="code" time="0.000">
    <skipped/>
  </testcase> <!-- code -->
  <system-out/>
  <testcase classname="testsuite.HtmlValidationProdURL" name="code" time="0.000">
    <skipped/>
  </testcase> <!-- code -->
  <system-out/>
  <testcase classname="testsuite.HtmlValidationProdURL" name="code" time="0.000">
    <skipped/>
  </testcase> <!-- code -->
  <system-out/>
  <testcase classname="testsuite.HtmlValidationProdURL" name="code" time="0.000">
    <skipped/>
  </testcase> <!-- code -->
  <system-out/>
  <testcase classname="testsuite.HtmlValidationProdURL" name="code" time="0.000">
    <skipped/>
  </testcase> <!-- code -->
  <system-out/>
  <testcase classname="testsuite.HtmlValidationProdURL" name="code" time="0.000">
    <skipped/>
  </testcase> <!-- code -->
  <system-out/>
  <testcase classname="testsuite.HtmlValidationProdURL" name="code" time="0.000">
    <skipped/>
  </testcase> <!-- code -->
  <system-out/>
  <testcase classname="testsuite.HtmlValidationProdURL" name="code" time="0.000">
    <skipped/>
  </testcase> <!-- code -->
  <system-out/>
  <testcase classname="testsuite.HtmlValidationProdURL" name="code" time="0.000">
    <skipped/>
  </testcase> <!-- code -->
  <system-out/>
  <testcase classname="testsuite.HtmlValidationProdURL" name="code" time="0.000">
    <skipped/>
  </testcase> <!-- code -->
  <system-out/>
  <testcase classname="testsuite.HtmlValidationProdURL" name="code" time="0.000">
    <skipped/>
  </testcase> <!-- code -->
  <system-out/>
  <testcase classname="testsuite.HtmlValidationProdURL" name="code" time="0.000">
    <skipped/>
  </testcase> <!-- code -->
  <system-out/>
  <testcase classname="testsuite.HtmlValidationProdURL" name="code" time="0.000">
    <skipped/>
  </testcase> <!-- code -->
  <system-out/>
  <testcase classname="testsuite.HtmlValidationProdURL" name="code" time="0.000">
    <skipped/>
  </testcase> <!-- code -->
  <system-out/>
  <testcase classname="testsuite.HtmlValidationProdURL" name="code" time="0.000">
    <skipped/>
  </testcase> <!-- code -->
  <system-out/>
  <testcase classname="testsuite.HtmlValidationProdURL" name="code" time="0.000">
    <skipped/>
  </testcase> <!-- code -->
  <system-out/>
  <testcase classname="testsuite.HtmlValidationProdURL" name="code" time="0.000">
    <skipped/>
  </testcase> <!-- code -->
  <system-out/>
  <testcase classname="testsuite.HtmlValidationProdURL" name="code" time="0.000">
    <skipped/>
  </testcase> <!-- code -->
  <system-out/>
  <testcase classname="testsuite.HtmlValidationProdURL" name="code" time="0.000">
    <skipped/>
  </testcase> <!-- code -->
  <system-out/>
  <testcase classname="testsuite.HtmlValidationProdURL" name="code" time="0.000">
    <skipped/>
  </testcase> <!-- code -->
  <system-out/>
  <testcase classname="testsuite.HtmlValidationProdURL" name="code" time="0.000">
    <skipped/>
  </testcase> <!-- code -->
  <system-out/>
  <testcase classname="testsuite.HtmlValidationProdURL" name="code" time="0.000">
    <skipped/>
  </testcase> <!-- code -->
  <system-out/>
  <testcase classname="testsuite.HtmlValidationProdURL" name="code" time="0.000">
    <skipped/>
  </testcase> <!-- code -->
  <system-out/>
  <testcase classname="testsuite.HtmlValidationProdURL" name="code" time="0.000">
    <skipped/>
  </testcase> <!-- code -->
  <system-out/>
</testsuite> <!-- testsuite.HtmlValidationProdURL -->
